<?xml version="1.0" encoding="UTF-8"?>
<testng-results ignored="0" total="1" passed="1" failed="0" skipped="0">
  <reporter-output>
  </reporter-output>
  <suite started-at="2023-08-01T16:33:55 EDT" name="Default suite" finished-at="2023-08-01T16:34:21 EDT" duration-ms="25291">
    <groups>
    </groups>
    <test started-at="2023-08-01T16:33:55 EDT" name="Default test" finished-at="2023-08-01T16:34:21 EDT" duration-ms="25291">
      <class name="TestNG.AddProductToCart">
        <test-method is-config="true" signature="beforeMethod()[pri:0, instance:TestNG.AddProductToCart@5677323c]" started-at="2023-08-01T16:33:56 EDT" name="beforeMethod" finished-at="2023-08-01T16:33:56 EDT" duration-ms="13" status="PASS">
          <reporter-output>
          </reporter-output>
        </test-method> <!-- beforeMethod -->
        <test-method signature="f()[pri:0, instance:TestNG.AddProductToCart@5677323c]" started-at="2023-08-01T16:33:56 EDT" name="f" finished-at="2023-08-01T16:34:20 EDT" duration-ms="24179" status="PASS">
          <reporter-output>
          </reporter-output>
        </test-method> <!-- f -->
        <test-method is-config="true" signature="afterMethod()[pri:0, instance:TestNG.AddProductToCart@5677323c]" started-at="2023-08-01T16:34:20 EDT" name="afterMethod" finished-at="2023-08-01T16:34:21 EDT" duration-ms="1011" status="PASS">
          <reporter-output>
          </reporter-output>
        </test-method> <!-- afterMethod -->
      </class> <!-- TestNG.AddProductToCart -->
    </test> <!-- Default test -->
  </suite> <!-- Default suite -->
</testng-results>
